<?xml version="1.0" encoding="UTF-8"?>
<testsuite name="com.dumisani.spring.part1.UserTest" tests="3" skipped="0" failures="0" errors="0" timestamp="2020-04-15T09:05:36" hostname="Area51s-MacBook-Pro.local" time="0.882">
  <properties/>
  <testcase name="addUser()" classname="com.dumisani.spring.part1.UserTest" time="0.863"/>
  <testcase name="getUser()" classname="com.dumisani.spring.part1.UserTest" time="0.006"/>
  <testcase name="removeUser()" classname="com.dumisani.spring.part1.UserTest" time="0.006"/>
  <system-out><![CDATA[11:05:30.692 [Test worker] DEBUG org.springframework.test.context.BootstrapUtils - Instantiating CacheAwareContextLoaderDelegate from class [org.springframework.test.context.cache.DefaultCacheAwareContextLoaderDelegate]
11:05:30.750 [Test worker] DEBUG org.springframework.test.context.BootstrapUtils - Instantiating BootstrapContext using constructor [public org.springframework.test.context.support.DefaultBootstrapContext(java.lang.Class,org.springframework.test.context.CacheAwareContextLoaderDelegate)]
11:05:30.802 [Test worker] DEBUG org.springframework.test.context.BootstrapUtils - Instantiating TestContextBootstrapper for test class [com.dumisani.spring.part1.UserTest] from class [org.springframework.boot.test.context.SpringBootTestContextBootstrapper]
11:05:30.872 [Test worker] INFO org.springframework.boot.test.context.SpringBootTestContextBootstrapper - Neither @ContextConfiguration nor @ContextHierarchy found for test class [com.dumisani.spring.part1.UserTest], using SpringBootContextLoader
11:05:30.881 [Test worker] DEBUG org.springframework.test.context.support.AbstractContextLoader - Did not detect default resource location for test class [com.dumisani.spring.part1.UserTest]: class path resource [com/dumisani/spring/part1/UserTest-context.xml] does not exist
11:05:30.882 [Test worker] DEBUG org.springframework.test.context.support.AbstractContextLoader - Did not detect default resource location for test class [com.dumisani.spring.part1.UserTest]: class path resource [com/dumisani/spring/part1/UserTestContext.groovy] does not exist
11:05:30.883 [Test worker] INFO org.springframework.test.context.support.AbstractContextLoader - Could not detect default resource locations for test class [com.dumisani.spring.part1.UserTest]: no resource found for suffixes {-context.xml, Context.groovy}.
11:05:30.885 [Test worker] INFO org.springframework.test.context.support.AnnotationConfigContextLoaderUtils - Could not detect default configuration classes for test class [com.dumisani.spring.part1.UserTest]: UserTest does not declare any static, non-private, non-final, nested classes annotated with @Configuration.
11:05:31.023 [Test worker] DEBUG org.springframework.test.context.support.ActiveProfilesUtils - Could not find an 'annotation declaring class' for annotation type [org.springframework.test.context.ActiveProfiles] and class [com.dumisani.spring.part1.UserTest]
11:05:31.173 [Test worker] DEBUG org.springframework.context.annotation.ClassPathScanningCandidateComponentProvider - Identified candidate component class: file [/Users/area51/Downloads/Ex_Files_Learning_Spring_Spring_Boot/Exercise Files/Chapter2/02_04/02_04_begin/spring part1/build/classes/java/main/com/dumisani/spring/part1/Main.class]
11:05:31.177 [Test worker] INFO org.springframework.boot.test.context.SpringBootTestContextBootstrapper - Found @SpringBootConfiguration com.dumisani.spring.part1.Main for test class com.dumisani.spring.part1.UserTest
11:05:31.409 [Test worker] DEBUG org.springframework.boot.test.context.SpringBootTestContextBootstrapper - @TestExecutionListeners is not present for class [com.dumisani.spring.part1.UserTest]: using defaults.
11:05:31.411 [Test worker] INFO org.springframework.boot.test.context.SpringBootTestContextBootstrapper - Loaded default TestExecutionListener class names from location [META-INF/spring.factories]: [org.springframework.boot.test.autoconfigure.restdocs.RestDocsTestExecutionListener, org.springframework.boot.test.autoconfigure.web.client.MockRestServiceServerResetTestExecutionListener, org.springframework.boot.test.autoconfigure.web.servlet.MockMvcPrintOnlyOnFailureTestExecutionListener, org.springframework.boot.test.autoconfigure.web.servlet.WebDriverTestExecutionListener, org.springframework.boot.test.mock.mockito.MockitoTestExecutionListener, org.springframework.boot.test.mock.mockito.ResetMocksTestExecutionListener, org.springframework.test.context.web.ServletTestExecutionListener, org.springframework.test.context.support.DirtiesContextBeforeModesTestExecutionListener, org.springframework.test.context.support.DependencyInjectionTestExecutionListener, org.springframework.test.context.support.DirtiesContextTestExecutionListener, org.springframework.test.context.transaction.TransactionalTestExecutionListener, org.springframework.test.context.jdbc.SqlScriptsTestExecutionListener, org.springframework.test.context.event.EventPublishingTestExecutionListener]
11:05:31.442 [Test worker] DEBUG org.springframework.boot.test.context.SpringBootTestContextBootstrapper - Skipping candidate TestExecutionListener [org.springframework.test.context.transaction.TransactionalTestExecutionListener] due to a missing dependency. Specify custom listener classes or make the default listener classes and their required dependencies available. Offending class: [org/springframework/transaction/interceptor/TransactionAttributeSource]
11:05:31.443 [Test worker] DEBUG org.springframework.boot.test.context.SpringBootTestContextBootstrapper - Skipping candidate TestExecutionListener [org.springframework.test.context.jdbc.SqlScriptsTestExecutionListener] due to a missing dependency. Specify custom listener classes or make the default listener classes and their required dependencies available. Offending class: [org/springframework/transaction/interceptor/TransactionAttribute]
11:05:31.444 [Test worker] INFO org.springframework.boot.test.context.SpringBootTestContextBootstrapper - Using TestExecutionListeners: [org.springframework.test.context.web.ServletTestExecutionListener@7960a029, org.springframework.test.context.support.DirtiesContextBeforeModesTestExecutionListener@3a5fc2e8, org.springframework.boot.test.mock.mockito.MockitoTestExecutionListener@3170e19e, org.springframework.boot.test.autoconfigure.SpringBootDependencyInjectionTestExecutionListener@2f850126, org.springframework.test.context.support.DirtiesContextTestExecutionListener@53189d17, org.springframework.test.context.event.EventPublishingTestExecutionListener@17145d1e, org.springframework.boot.test.autoconfigure.restdocs.RestDocsTestExecutionListener@21de3273, org.springframework.boot.test.autoconfigure.web.client.MockRestServiceServerResetTestExecutionListener@26d59b5f, org.springframework.boot.test.autoconfigure.web.servlet.MockMvcPrintOnlyOnFailureTestExecutionListener@31b24ab7, org.springframework.boot.test.autoconfigure.web.servlet.WebDriverTestExecutionListener@4fb0d32, org.springframework.boot.test.mock.mockito.ResetMocksTestExecutionListener@54e6ea74]
11:05:31.449 [Test worker] DEBUG org.springframework.test.context.support.AbstractDirtiesContextTestExecutionListener - Before test class: context [DefaultTestContext@11ded472 testClass = UserTest, testInstance = [null], testMethod = [null], testException = [null], mergedContextConfiguration = [WebMergedContextConfiguration@18ed4bd1 testClass = UserTest, locations = '{}', classes = '{class com.dumisani.spring.part1.Main}', contextInitializerClasses = '[]', activeProfiles = '{}', propertySourceLocations = '{}', propertySourceProperties = '{org.springframework.boot.test.context.SpringBootTestContextBootstrapper=true}', contextCustomizers = set[org.springframework.boot.test.autoconfigure.properties.PropertyMappingContextCustomizer@0, org.springframework.boot.test.autoconfigure.web.servlet.WebDriverContextCustomizerFactory$Customizer@144ca422, org.springframework.boot.test.context.filter.ExcludeFilterContextCustomizer@ef9f1c7, org.springframework.boot.test.json.DuplicateJsonObjectContextCustomizerFactory$DuplicateJsonObjectContextCustomizer@6adbfebe, org.springframework.boot.test.mock.mockito.MockitoContextCustomizer@0, org.springframework.boot.test.web.client.TestRestTemplateContextCustomizer@27def1b6], resourceBasePath = 'src/main/webapp', contextLoader = 'org.springframework.boot.test.context.SpringBootContextLoader', parent = [null]], attributes = map['org.springframework.test.context.web.ServletTestExecutionListener.activateListener' -> true]], class annotated with @DirtiesContext [false] with mode [null].
11:05:31.661 [Test worker] DEBUG org.springframework.test.context.support.TestPropertySourceUtils - Adding inlined properties to environment: {spring.jmx.enabled=false, org.springframework.boot.test.context.SpringBootTestContextBootstrapper=true, server.port=-1}

  .   ____          _            __ _ _
 /\\ / ___'_ __ _ _(_)_ __  __ _ \ \ \ \
( ( )\___ | '_ | '_| | '_ \/ _` | \ \ \ \
 \\/  ___)| |_)| | | | | || (_| |  ) ) ) )
  '  |____| .__|_| |_|_| |_\__, | / / / /
 =========|_|==============|___/=/_/_/_/
 :: Spring Boot ::        (v2.2.2.RELEASE)

2020-04-15 11:05:32.587  INFO 13904 --- [    Test worker] com.dumisani.spring.part1.UserTest       : Starting UserTest on Area51s-MacBook-Pro.local with PID 13904 (started by area51 in /Users/area51/Downloads/Ex_Files_Learning_Spring_Spring_Boot/Exercise Files/Chapter2/02_04/02_04_begin/spring part1)
2020-04-15 11:05:32.599  INFO 13904 --- [    Test worker] com.dumisani.spring.part1.UserTest       : No active profile set, falling back to default profiles: default
2020-04-15 11:05:35.681  INFO 13904 --- [    Test worker] o.s.s.concurrent.ThreadPoolTaskExecutor  : Initializing ExecutorService 'applicationTaskExecutor'
2020-04-15 11:05:36.611  INFO 13904 --- [    Test worker] com.dumisani.spring.part1.UserTest       : Started UserTest in 4.907 seconds (JVM running for 8.435)
]]></system-out>
  <system-err><![CDATA[]]></system-err>
</testsuite>
